<?xml version="1.0" encoding="UTF-8"?>
<testng-results ignored="0" total="3" passed="3" failed="0" skipped="0">
  <reporter-output>
  </reporter-output>
  <suite started-at="2023-03-24T15:59:34 IST" name="Default suite" finished-at="2023-03-24T15:59:40 IST" duration-ms="6740">
    <groups>
    </groups>
    <test started-at="2023-03-24T15:59:34 IST" name="Default test" finished-at="2023-03-24T15:59:40 IST" duration-ms="6740">
      <class name="testNG.SuitExample">
        <test-method is-config="true" signature="Launchbrowser()[pri:0, instance:testNG.SuitExample@41fecb8b]" started-at="2023-03-24T15:59:26 IST" name="Launchbrowser" finished-at="2023-03-24T15:59:34 IST" duration-ms="8022" status="PASS">
          <reporter-output>
          </reporter-output>
        </test-method> <!-- Launchbrowser -->
        <test-method signature="openYahoo()[pri:0, instance:testNG.SuitExample@41fecb8b]" started-at="2023-03-24T15:59:34 IST" name="openYahoo" finished-at="2023-03-24T15:59:37 IST" duration-ms="3083" status="PASS">
          <reporter-output>
          </reporter-output>
        </test-method> <!-- openYahoo -->
        <test-method signature="opengoogle()[pri:1, instance:testNG.SuitExample@41fecb8b]" started-at="2023-03-24T15:59:37 IST" name="opengoogle" finished-at="2023-03-24T15:59:40 IST" duration-ms="3016" status="PASS">
          <reporter-output>
          </reporter-output>
        </test-method> <!-- opengoogle -->
        <test-method signature="openBing()[pri:2, instance:testNG.SuitExample@41fecb8b]" started-at="2023-03-24T15:59:40 IST" name="openBing" finished-at="2023-03-24T15:59:40 IST" duration-ms="517" status="PASS">
          <reporter-output>
          </reporter-output>
        </test-method> <!-- openBing -->
        <test-method is-config="true" signature="closebrowser()[pri:0, instance:testNG.SuitExample@41fecb8b]" started-at="2023-03-24T15:59:41 IST" name="closebrowser" finished-at="2023-03-24T15:59:41 IST" duration-ms="410" status="PASS">
          <reporter-output>
          </reporter-output>
        </test-method> <!-- closebrowser -->
      </class> <!-- testNG.SuitExample -->
    </test> <!-- Default test -->
  </suite> <!-- Default suite -->
</testng-results>
