<?xml version="1.0" encoding="UTF-8"?>
<!-- Generated by org.testng.reporters.JUnitXMLReporter -->
<testsuite ignored="0" hostname="LAPTOP-M4B5B0N8" failures="0" tests="3" name="Default test" time="6.74" errors="0" timestamp="2023-03-24T15:59:41 IST">
  <testcase classname="testNG.SuitExample" name="openYahoo" time="3.083"/>
  <testcase classname="testNG.SuitExample" name="opengoogle" time="3.016"/>
  <testcase classname="testNG.SuitExample" name="openBing" time="0.517"/>
</testsuite> <!-- Default test -->
