<?xml version="1.0" encoding="UTF-8"?>
<!-- Generated by org.testng.reporters.JUnitXMLReporter -->
<testsuite ignored="1" hostname="LAPTOP-M4B5B0N8" failures="0" tests="35" name="Test" time="34.729" errors="0" timestamp="2023-03-23T17:44:37 IST">
  <testcase classname="testNG.Paralleltest" name="Opagoogle" time="7.775"/>
  <testcase classname="testNG.Paralleltest" name="Opbingge" time="4.838"/>
  <testcase classname="testNG.SuitExamples1" name="opengoogle" time="3.562"/>
  <testcase classname="testNG.SuitExamples1" name="openBing" time="4.201"/>
  <testcase classname="testNG.SuitExamples1" name="openYahoo" time="7.015"/>
  <testcase classname="testNG.SkipATestcase" name="Turnthemusicon" time="0.002"/>
  <testcase classname="testNG.SkipATestcase" name="startthecar" time="0.002"/>
  <testcase classname="testNG.SkipATestcase" name="PutFirstGear" time="0.002"/>
  <testcase classname="testNG.SkipATestcase" name="PutSecGear" time="0.002"/>
  <testcase classname="testNG.SkipATestcase" name="PutThirdGear" time="0.002"/>
  <testcase classname="testNG.Sample_testcase" name="Fifthtestcase" time="0.001"/>
  <testcase classname="testNG.Sample_testcase" name="Firsttestcase" time="0.003"/>
  <testcase classname="testNG.Sample_testcase" name="Fourthtestcase" time="0.001"/>
  <testcase classname="testNG.Sample_testcase" name="Sectestcase" time="0.001"/>
  <testcase classname="testNG.Sample_testcase" name="Thirtestcase" time="0.001"/>
  <testcase classname="testNG.SuitExample" name="openYahoo" time="1.907"/>
  <testcase classname="testNG.SuitExample" name="opengoogle" time="2.709"/>
  <testcase classname="testNG.SuitExample" name="openBing" time="2.492"/>
  <testcase classname="testNG.Dependenciesmanagement" name="highschool" time="0.001"/>
  <testcase classname="testNG.Dependenciesmanagement" name="UG" time="0.001"/>
  <testcase classname="testNG.Dependenciesmanagement" name="PG" time="0.001"/>
  <testcase classname="testNG.Groupingexamples" name="Acer0" time="0.001"/>
  <testcase classname="testNG.Groupingexamples" name="Acer1" time="0.001"/>
  <testcase classname="testNG.Groupingexamples" name="hp" time="0.001"/>
  <testcase classname="testNG.Groupingexamples" name="hp1" time="0.001"/>
  <testcase classname="testNG.Groupingexamples" name="mac" time="0.001"/>
  <testcase classname="testNG.Groupingexamples" name="mac1" time="0.001"/>
  <testcase classname="testNG.Groupingexamples" name="sony0" time="0.002"/>
  <testcase classname="testNG.Groupingexamples" name="sony1" time="0.001"/>
  <testcase classname="testNG.Driveacar" name="PutEnginekillswitch" time="0.001"/>
  <testcase classname="testNG.Driveacar" name="startTheCar" time="0.002"/>
  <testcase classname="testNG.Driveacar" name="PutFirstGear" time="0.001"/>
  <testcase classname="testNG.Driveacar" name="PutSecGear" time="0.003"/>
  <testcase classname="testNG.Driveacar" name="PutThirdGear" time="0.001"/>
  <testcase classname="testNG.Driveacar" name="PutFourthGear" time="0.002"/>
  <testcase classname="testNG.SkipATestcase" name="PutFourthGear" time="0.0">
    <ignored/>
  </testcase> <!-- PutFourthGear -->
</testsuite> <!-- Test -->
